code/ConnectMe/app/build/intermediates/manifest_merge_blame_file/debug/manifest-merger-blame-debug-report.txt
1<?xml version="1.0" encoding="utf-8"?>
2<manifest xmlns:android="http://schemas.android.com/apk/res/android"
3    package="com.singularitycoder.connectme"
4    android:versionCode="1"
5    android:versionName="1.0" >
6
7    <uses-sdk
8        android:minSdkVersion="21"
8-->src/main/AndroidManifest.xml
9        android:targetSdkVersion="33" />
9-->src/main/AndroidManifest.xml
10
11    <uses-permission android:name="android.permission.INTERNET" />
11-->src/main/AndroidManifest.xml:5:5-67
11-->src/main/AndroidManifest.xml:5:22-64
12    <uses-permission android:name="android.permission.ACCESS_FINE_LOCATION" />
12-->src/main/AndroidManifest.xml:6:5-79
12-->src/main/AndroidManifest.xml:6:22-76
13    <uses-permission android:name="android.permission.ACCESS_COARSE_LOCATION" />
13-->src/main/AndroidManifest.xml:7:5-81
13-->src/main/AndroidManifest.xml:7:22-78
14    <uses-permission android:name="android.permission.FOREGROUND_SERVICE" />
14-->src/main/AndroidManifest.xml:8:5-77
14-->src/main/AndroidManifest.xml:8:22-74
15    <uses-permission android:name="android.permission.READ_EXTERNAL_STORAGE" />
15-->src/main/AndroidManifest.xml:9:5-80
15-->src/main/AndroidManifest.xml:9:22-77
16    <uses-permission android:name="android.permission.WAKE_LOCK" />
16-->[androidx.work:work-runtime:2.7.1] AndroidManifest.xml:25:5-68
16-->[androidx.work:work-runtime:2.7.1] AndroidManifest.xml:25:22-65
17    <uses-permission android:name="android.permission.ACCESS_NETWORK_STATE" />
17-->[androidx.work:work-runtime:2.7.1] AndroidManifest.xml:26:5-79
17-->[androidx.work:work-runtime:2.7.1] AndroidManifest.xml:26:22-76
18    <uses-permission android:name="android.permission.RECEIVE_BOOT_COMPLETED" />
18-->[androidx.work:work-runtime:2.7.1] AndroidManifest.xml:27:5-81
18-->[androidx.work:work-runtime:2.7.1] AndroidManifest.xml:27:22-78
19
20    <permission
20-->[androidx.core:core:1.9.0] AndroidManifest.xml:22:5-24:47
21        android:name="com.singularitycoder.connectme.DYNAMIC_RECEIVER_NOT_EXPORTED_PERMISSION"
21-->[androidx.core:core:1.9.0] AndroidManifest.xml:23:9-81
22        android:protectionLevel="signature" />
22-->[androidx.core:core:1.9.0] AndroidManifest.xml:24:9-44
23
24    <uses-permission android:name="com.singularitycoder.connectme.DYNAMIC_RECEIVER_NOT_EXPORTED_PERMISSION" />
24-->[androidx.core:core:1.9.0] AndroidManifest.xml:26:5-97
24-->[androidx.core:core:1.9.0] AndroidManifest.xml:26:22-94
25
26    <application
26-->src/main/AndroidManifest.xml:11:5-35:19
27        android:name="com.singularitycoder.connectme.ThisApp"
27-->src/main/AndroidManifest.xml:12:9-32
28        android:allowBackup="true"
28-->src/main/AndroidManifest.xml:13:9-35
29        android:appComponentFactory="androidx.core.app.CoreComponentFactory"
29-->[androidx.core:core:1.9.0] AndroidManifest.xml:28:18-86
30        android:dataExtractionRules="@xml/data_extraction_rules"
30-->src/main/AndroidManifest.xml:14:9-65
31        android:debuggable="true"
32        android:fullBackupContent="@xml/backup_rules"
32-->src/main/AndroidManifest.xml:15:9-54
33        android:icon="@mipmap/ic_launcher"
33-->src/main/AndroidManifest.xml:16:9-43
34        android:label="@string/app_name"
34-->src/main/AndroidManifest.xml:17:9-41
35        android:roundIcon="@mipmap/ic_launcher_round"
35-->src/main/AndroidManifest.xml:18:9-54
36        android:supportsRtl="true"
36-->src/main/AndroidManifest.xml:19:9-35
37        android:testOnly="true"
38        android:theme="@style/Theme.ConnectMe" >
38-->src/main/AndroidManifest.xml:20:9-47
39        <activity
39-->src/main/AndroidManifest.xml:22:9-34:20
40            android:name="com.singularitycoder.connectme.MainActivity"
40-->src/main/AndroidManifest.xml:23:13-41
41            android:exported="true" >
41-->src/main/AndroidManifest.xml:24:13-36
42            <intent-filter>
42-->src/main/AndroidManifest.xml:25:13-29:29
43                <action android:name="android.intent.action.MAIN" />
43-->src/main/AndroidManifest.xml:26:17-69
43-->src/main/AndroidManifest.xml:26:25-66
44
45                <category android:name="android.intent.category.LAUNCHER" />
45-->src/main/AndroidManifest.xml:28:17-77
45-->src/main/AndroidManifest.xml:28:27-74
46            </intent-filter>
47
48            <meta-data
48-->src/main/AndroidManifest.xml:31:13-33:36
49                android:name="android.app.lib_name"
49-->src/main/AndroidManifest.xml:32:17-52
50                android:value="" />
50-->src/main/AndroidManifest.xml:33:17-33
51        </activity>
52        <activity
52-->[com.google.android.gms:play-services-base:18.1.0] AndroidManifest.xml:20:9-22:45
53            android:name="com.google.android.gms.common.api.GoogleApiActivity"
53-->[com.google.android.gms:play-services-base:18.1.0] AndroidManifest.xml:20:19-85
54            android:exported="false"
54-->[com.google.android.gms:play-services-base:18.1.0] AndroidManifest.xml:22:19-43
55            android:theme="@android:style/Theme.Translucent.NoTitleBar" />
55-->[com.google.android.gms:play-services-base:18.1.0] AndroidManifest.xml:21:19-78
56
57        <meta-data
57-->[com.google.android.gms:play-services-basement:18.1.0] AndroidManifest.xml:21:9-23:69
58            android:name="com.google.android.gms.version"
58-->[com.google.android.gms:play-services-basement:18.1.0] AndroidManifest.xml:22:13-58
59            android:value="@integer/google_play_services_version" />
59-->[com.google.android.gms:play-services-basement:18.1.0] AndroidManifest.xml:23:13-66
60
61        <provider
61-->[androidx.work:work-runtime:2.7.1] AndroidManifest.xml:31:9-39:20
62            android:name="androidx.startup.InitializationProvider"
62-->[androidx.work:work-runtime:2.7.1] AndroidManifest.xml:32:13-67
63            android:authorities="com.singularitycoder.connectme.androidx-startup"
63-->[androidx.work:work-runtime:2.7.1] AndroidManifest.xml:33:13-68
64            android:exported="false" >
64-->[androidx.work:work-runtime:2.7.1] AndroidManifest.xml:34:13-37
65            <meta-data
65-->[androidx.work:work-runtime:2.7.1] AndroidManifest.xml:36:13-38:52
66                android:name="androidx.work.WorkManagerInitializer"
66-->[androidx.work:work-runtime:2.7.1] AndroidManifest.xml:37:17-68
67                android:value="androidx.startup" />
67-->[androidx.work:work-runtime:2.7.1] AndroidManifest.xml:38:17-49
68            <meta-data
68-->[androidx.emoji2:emoji2:1.2.0] AndroidManifest.xml:29:13-31:52
69                android:name="androidx.emoji2.text.EmojiCompatInitializer"
69-->[androidx.emoji2:emoji2:1.2.0] AndroidManifest.xml:30:17-75
70                android:value="androidx.startup" />
70-->[androidx.emoji2:emoji2:1.2.0] AndroidManifest.xml:31:17-49
71            <meta-data
71-->[androidx.lifecycle:lifecycle-process:2.4.1] AndroidManifest.xml:31:13-33:52
72                android:name="androidx.lifecycle.ProcessLifecycleInitializer"
72-->[androidx.lifecycle:lifecycle-process:2.4.1] AndroidManifest.xml:32:17-78
73                android:value="androidx.startup" />
73-->[androidx.lifecycle:lifecycle-process:2.4.1] AndroidManifest.xml:33:17-49
74        </provider>
75
76        <service
76-->[androidx.work:work-runtime:2.7.1] AndroidManifest.xml:41:9-46:35
77            android:name="androidx.work.impl.background.systemalarm.SystemAlarmService"
77-->[androidx.work:work-runtime:2.7.1] AndroidManifest.xml:42:13-88
78            android:directBootAware="false"
78-->[androidx.work:work-runtime:2.7.1] AndroidManifest.xml:43:13-44
79            android:enabled="@bool/enable_system_alarm_service_default"
79-->[androidx.work:work-runtime:2.7.1] AndroidManifest.xml:44:13-72
80            android:exported="false" />
80-->[androidx.work:work-runtime:2.7.1] AndroidManifest.xml:45:13-37
81        <service
81-->[androidx.work:work-runtime:2.7.1] AndroidManifest.xml:47:9-53:35
82            android:name="androidx.work.impl.background.systemjob.SystemJobService"
82-->[androidx.work:work-runtime:2.7.1] AndroidManifest.xml:48:13-84
83            android:directBootAware="false"
83-->[androidx.work:work-runtime:2.7.1] AndroidManifest.xml:49:13-44
84            android:enabled="@bool/enable_system_job_service_default"
84-->[androidx.work:work-runtime:2.7.1] AndroidManifest.xml:50:13-70
85            android:exported="true"
85-->[androidx.work:work-runtime:2.7.1] AndroidManifest.xml:51:13-36
86            android:permission="android.permission.BIND_JOB_SERVICE" />
86-->[androidx.work:work-runtime:2.7.1] AndroidManifest.xml:52:13-69
87        <service
87-->[androidx.work:work-runtime:2.7.1] AndroidManifest.xml:54:9-59:35
88            android:name="androidx.work.impl.foreground.SystemForegroundService"
88-->[androidx.work:work-runtime:2.7.1] AndroidManifest.xml:55:13-81
89            android:directBootAware="false"
89-->[androidx.work:work-runtime:2.7.1] AndroidManifest.xml:56:13-44
90            android:enabled="@bool/enable_system_foreground_service_default"
90-->[androidx.work:work-runtime:2.7.1] AndroidManifest.xml:57:13-77
91            android:exported="false" />
91-->[androidx.work:work-runtime:2.7.1] AndroidManifest.xml:58:13-37
92
93        <receiver
93-->[androidx.work:work-runtime:2.7.1] AndroidManifest.xml:61:9-66:35
94            android:name="androidx.work.impl.utils.ForceStopRunnable$BroadcastReceiver"
94-->[androidx.work:work-runtime:2.7.1] AndroidManifest.xml:62:13-88
95            android:directBootAware="false"
95-->[androidx.work:work-runtime:2.7.1] AndroidManifest.xml:63:13-44
96            android:enabled="true"
96-->[androidx.work:work-runtime:2.7.1] AndroidManifest.xml:64:13-35
97            android:exported="false" />
97-->[androidx.work:work-runtime:2.7.1] AndroidManifest.xml:65:13-37
98        <receiver
98-->[androidx.work:work-runtime:2.7.1] AndroidManifest.xml:67:9-77:20
99            android:name="androidx.work.impl.background.systemalarm.ConstraintProxy$BatteryChargingProxy"
99-->[androidx.work:work-runtime:2.7.1] AndroidManifest.xml:68:13-106
100            android:directBootAware="false"
100-->[androidx.work:work-runtime:2.7.1] AndroidManifest.xml:69:13-44
101            android:enabled="false"
101-->[androidx.work:work-runtime:2.7.1] AndroidManifest.xml:70:13-36
102            android:exported="false" >
102-->[androidx.work:work-runtime:2.7.1] AndroidManifest.xml:71:13-37
103            <intent-filter>
103-->[androidx.work:work-runtime:2.7.1] AndroidManifest.xml:73:13-76:29
104                <action android:name="android.intent.action.ACTION_POWER_CONNECTED" />
104-->[androidx.work:work-runtime:2.7.1] AndroidManifest.xml:74:17-87
104-->[androidx.work:work-runtime:2.7.1] AndroidManifest.xml:74:25-84
105                <action android:name="android.intent.action.ACTION_POWER_DISCONNECTED" />
105-->[androidx.work:work-runtime:2.7.1] AndroidManifest.xml:75:17-90
105-->[androidx.work:work-runtime:2.7.1] AndroidManifest.xml:75:25-87
106            </intent-filter>
107        </receiver>
108        <receiver
108-->[androidx.work:work-runtime:2.7.1] AndroidManifest.xml:78:9-88:20
109            android:name="androidx.work.impl.background.systemalarm.ConstraintProxy$BatteryNotLowProxy"
109-->[androidx.work:work-runtime:2.7.1] AndroidManifest.xml:79:13-104
110            android:directBootAware="false"
110-->[androidx.work:work-runtime:2.7.1] AndroidManifest.xml:80:13-44
111            android:enabled="false"
111-->[androidx.work:work-runtime:2.7.1] AndroidManifest.xml:81:13-36
112            android:exported="false" >
112-->[androidx.work:work-runtime:2.7.1] AndroidManifest.xml:82:13-37
113            <intent-filter>
113-->[androidx.work:work-runtime:2.7.1] AndroidManifest.xml:84:13-87:29
114                <action android:name="android.intent.action.BATTERY_OKAY" />
114-->[androidx.work:work-runtime:2.7.1] AndroidManifest.xml:85:17-77
114-->[androidx.work:work-runtime:2.7.1] AndroidManifest.xml:85:25-74
115                <action android:name="android.intent.action.BATTERY_LOW" />
115-->[androidx.work:work-runtime:2.7.1] AndroidManifest.xml:86:17-76
115-->[androidx.work:work-runtime:2.7.1] AndroidManifest.xml:86:25-73
116            </intent-filter>
117        </receiver>
118        <receiver
118-->[androidx.work:work-runtime:2.7.1] AndroidManifest.xml:89:9-99:20
119            android:name="androidx.work.impl.background.systemalarm.ConstraintProxy$StorageNotLowProxy"
119-->[androidx.work:work-runtime:2.7.1] AndroidManifest.xml:90:13-104
120            android:directBootAware="false"
120-->[androidx.work:work-runtime:2.7.1] AndroidManifest.xml:91:13-44
121            android:enabled="false"
121-->[androidx.work:work-runtime:2.7.1] AndroidManifest.xml:92:13-36
122            android:exported="false" >
122-->[androidx.work:work-runtime:2.7.1] AndroidManifest.xml:93:13-37
123            <intent-filter>
123-->[androidx.work:work-runtime:2.7.1] AndroidManifest.xml:95:13-98:29
124                <action android:name="android.intent.action.DEVICE_STORAGE_LOW" />
124-->[androidx.work:work-runtime:2.7.1] AndroidManifest.xml:96:17-83
124-->[androidx.work:work-runtime:2.7.1] AndroidManifest.xml:96:25-80
125                <action android:name="android.intent.action.DEVICE_STORAGE_OK" />
125-->[androidx.work:work-runtime:2.7.1] AndroidManifest.xml:97:17-82
125-->[androidx.work:work-runtime:2.7.1] AndroidManifest.xml:97:25-79
126            </intent-filter>
127        </receiver>
128        <receiver
128-->[androidx.work:work-runtime:2.7.1] AndroidManifest.xml:100:9-109:20
129            android:name="androidx.work.impl.background.systemalarm.ConstraintProxy$NetworkStateProxy"
129-->[androidx.work:work-runtime:2.7.1] AndroidManifest.xml:101:13-103
130            android:directBootAware="false"
130-->[androidx.work:work-runtime:2.7.1] AndroidManifest.xml:102:13-44
131            android:enabled="false"
131-->[androidx.work:work-runtime:2.7.1] AndroidManifest.xml:103:13-36
132            android:exported="false" >
132-->[androidx.work:work-runtime:2.7.1] AndroidManifest.xml:104:13-37
133            <intent-filter>
133-->[androidx.work:work-runtime:2.7.1] AndroidManifest.xml:106:13-108:29
134                <action android:name="android.net.conn.CONNECTIVITY_CHANGE" />
134-->[androidx.work:work-runtime:2.7.1] AndroidManifest.xml:107:17-79
134-->[androidx.work:work-runtime:2.7.1] AndroidManifest.xml:107:25-76
135            </intent-filter>
136        </receiver>
137        <receiver
137-->[androidx.work:work-runtime:2.7.1] AndroidManifest.xml:110:9-121:20
138            android:name="androidx.work.impl.background.systemalarm.RescheduleReceiver"
138-->[androidx.work:work-runtime:2.7.1] AndroidManifest.xml:111:13-88
139            android:directBootAware="false"
139-->[androidx.work:work-runtime:2.7.1] AndroidManifest.xml:112:13-44
140            android:enabled="false"
140-->[androidx.work:work-runtime:2.7.1] AndroidManifest.xml:113:13-36
141            android:exported="false" >
141-->[androidx.work:work-runtime:2.7.1] AndroidManifest.xml:114:13-37
142            <intent-filter>
142-->[androidx.work:work-runtime:2.7.1] AndroidManifest.xml:116:13-120:29
143                <action android:name="android.intent.action.BOOT_COMPLETED" />
143-->[androidx.work:work-runtime:2.7.1] AndroidManifest.xml:117:17-79
143-->[androidx.work:work-runtime:2.7.1] AndroidManifest.xml:117:25-76
144                <action android:name="android.intent.action.TIME_SET" />
144-->[androidx.work:work-runtime:2.7.1] AndroidManifest.xml:118:17-73
144-->[androidx.work:work-runtime:2.7.1] AndroidManifest.xml:118:25-70
145                <action android:name="android.intent.action.TIMEZONE_CHANGED" />
145-->[androidx.work:work-runtime:2.7.1] AndroidManifest.xml:119:17-81
145-->[androidx.work:work-runtime:2.7.1] AndroidManifest.xml:119:25-78
146            </intent-filter>
147        </receiver>
148        <receiver
148-->[androidx.work:work-runtime:2.7.1] AndroidManifest.xml:122:9-131:20
149            android:name="androidx.work.impl.background.systemalarm.ConstraintProxyUpdateReceiver"
149-->[androidx.work:work-runtime:2.7.1] AndroidManifest.xml:123:13-99
150            android:directBootAware="false"
150-->[androidx.work:work-runtime:2.7.1] AndroidManifest.xml:124:13-44
151            android:enabled="@bool/enable_system_alarm_service_default"
151-->[androidx.work:work-runtime:2.7.1] AndroidManifest.xml:125:13-72
152            android:exported="false" >
152-->[androidx.work:work-runtime:2.7.1] AndroidManifest.xml:126:13-37
153            <intent-filter>
153-->[androidx.work:work-runtime:2.7.1] AndroidManifest.xml:128:13-130:29
154                <action android:name="androidx.work.impl.background.systemalarm.UpdateProxies" />
154-->[androidx.work:work-runtime:2.7.1] AndroidManifest.xml:129:17-98
154-->[androidx.work:work-runtime:2.7.1] AndroidManifest.xml:129:25-95
155            </intent-filter>
156        </receiver>
157        <receiver
157-->[androidx.work:work-runtime:2.7.1] AndroidManifest.xml:132:9-142:20
158            android:name="androidx.work.impl.diagnostics.DiagnosticsReceiver"
158-->[androidx.work:work-runtime:2.7.1] AndroidManifest.xml:133:13-78
159            android:directBootAware="false"
159-->[androidx.work:work-runtime:2.7.1] AndroidManifest.xml:134:13-44
160            android:enabled="true"
160-->[androidx.work:work-runtime:2.7.1] AndroidManifest.xml:135:13-35
161            android:exported="true"
161-->[androidx.work:work-runtime:2.7.1] AndroidManifest.xml:136:13-36
162            android:permission="android.permission.DUMP" >
162-->[androidx.work:work-runtime:2.7.1] AndroidManifest.xml:137:13-57
163            <intent-filter>
163-->[androidx.work:work-runtime:2.7.1] AndroidManifest.xml:139:13-141:29
164                <action android:name="androidx.work.diagnostics.REQUEST_DIAGNOSTICS" />
164-->[androidx.work:work-runtime:2.7.1] AndroidManifest.xml:140:17-88
164-->[androidx.work:work-runtime:2.7.1] AndroidManifest.xml:140:25-85
165            </intent-filter>
166        </receiver>
167
168        <service
168-->[androidx.room:room-runtime:2.4.3] AndroidManifest.xml:25:9-28:40
169            android:name="androidx.room.MultiInstanceInvalidationService"
169-->[androidx.room:room-runtime:2.4.3] AndroidManifest.xml:26:13-74
170            android:directBootAware="true"
170-->[androidx.room:room-runtime:2.4.3] AndroidManifest.xml:27:13-43
171            android:exported="false" />
171-->[androidx.room:room-runtime:2.4.3] AndroidManifest.xml:28:13-37
172    </application>
173
174</manifest>